<?xml version="1.0" encoding="UTF-8"?>
<!-- Generated by org.testng.reporters.JUnitReportReporter -->
<testsuite hostname="prashant" failures="0" tests="1" name="PoweTerm.DemoPowerTerm" time="4.300" errors="0" timestamp="2022-02-01T15:46:39 IST" skipped="0">
  <testcase classname="PoweTerm.DemoPowerTerm" name="EnterHostName" time="4.300"/>
  <system-out/>
</testsuite> <!-- PoweTerm.DemoPowerTerm -->
