<?xml version="1.0" encoding="UTF-8"?>
<!-- Generated by org.testng.reporters.JUnitReportReporter -->
<testsuite hostname="prashant" failures="0" tests="2" name="PoweTerm.PowerTerm" time="6.705" errors="0" timestamp="2022-02-01T15:20:26 IST" skipped="0">
  <testcase classname="PoweTerm.PowerTerm" name="LaunchApplication" time="4.409"/>
  <system-out/>
  <testcase classname="PoweTerm.PowerTerm" name="ShowPowerTermTitle" time="2.296"/>
  <system-out/>
</testsuite> <!-- PoweTerm.PowerTerm -->
