<?xml version="1.0" encoding="UTF-8"?>
<!-- Generated by org.testng.reporters.JUnitReportReporter -->
<testsuite hostname="prashant" failures="0" tests="2" name="PoweTerm.Demo2PowerTerm" time="5.910" errors="0" timestamp="2022-02-01T15:42:14 IST" skipped="0">
  <testcase classname="PoweTerm.Demo2PowerTerm" name="LaunchApplication" time="3.881"/>
  <system-out/>
  <testcase classname="PoweTerm.Demo2PowerTerm" name="ShowPowerTermTitle" time="2.029"/>
  <system-out/>
</testsuite> <!-- PoweTerm.Demo2PowerTerm -->
