<?xml version="1.0" encoding="UTF-8"?>
<!-- Generated by org.testng.reporters.JUnitReportReporter -->
<testsuite hostname="prashant" failures="0" tests="1" name="PoweTerm.HandleDropDown" time="4.411" errors="0" timestamp="2022-02-01T15:39:28 IST" skipped="0">
  <testcase classname="PoweTerm.HandleDropDown" name="EnterHostName" time="4.411"/>
  <system-out/>
</testsuite> <!-- PoweTerm.HandleDropDown -->
